<?xml version="1.0" encoding="UTF-8"?>
<!-- Generated by org.testng.reporters.JUnitReportReporter -->
<testsuite skipped="0" hostname="MSI" name="com.udemy.assignment.WaitAssignment" tests="1" failures="0" timestamp="2021-05-02T12:24:47 IST" time="3.226" errors="0">
  <testcase name="f" time="3.226" classname="com.udemy.assignment.WaitAssignment"/>
  <system-out/>
</testsuite> <!-- com.udemy.assignment.WaitAssignment -->
