<?xml version="1.0" encoding="UTF-8"?>
<!-- Generated by org.testng.reporters.JUnitReportReporter -->
<testsuite skipped="0" hostname="MSI" name="com.udemy.selenium.day1.DriverScope" tests="1" failures="0" timestamp="2021-05-08T18:13:29 IST" time="6.552" errors="0">
  <testcase name="f" time="6.552" classname="com.udemy.selenium.day1.DriverScope"/>
  <system-out/>
</testsuite> <!-- com.udemy.selenium.day1.DriverScope -->
