<?xml version="1.0" encoding="UTF-8"?>
<!-- Generated by org.testng.reporters.JUnitReportReporter -->
<testsuite skipped="0" hostname="MSI" name="com.udemy.selenium.day1.WindowHandlesTest" tests="1" failures="0" timestamp="2021-05-02T17:51:23 IST" time="2.932" errors="0">
  <testcase name="f" time="2.932" classname="com.udemy.selenium.day1.WindowHandlesTest"/>
  <system-out/>
</testsuite> <!-- com.udemy.selenium.day1.WindowHandlesTest -->
