<?xml version="1.0" encoding="UTF-8"?>
<!-- Generated by org.testng.reporters.JUnitReportReporter -->
<testsuite skipped="0" hostname="MSI" name="com.udemy.selenium.day1.FrameTest" tests="1" failures="0" timestamp="2021-05-02T18:49:36 IST" time="0.105" errors="0">
  <testcase name="f" time="0.105" classname="com.udemy.selenium.day1.FrameTest"/>
  <system-out/>
</testsuite> <!-- com.udemy.selenium.day1.FrameTest -->
