<?xml version="1.0" encoding="UTF-8"?>
<!-- Generated by org.testng.reporters.JUnitReportReporter -->
<testsuite skipped="0" hostname="MSI" name="com.udemy.assignment.AddToCart" tests="3" failures="0" timestamp="2021-05-26T13:05:58 IST" time="14.003" errors="0">
  <testcase name="login" time="1.790" classname="com.udemy.assignment.AddToCart"/>
  <system-out/>
  <testcase name="SearchProduct" time="4.301" classname="com.udemy.assignment.AddToCart"/>
  <system-out/>
  <testcase name="AddtoCart" time="7.912" classname="com.udemy.assignment.AddToCart"/>
  <system-out/>
</testsuite> <!-- com.udemy.assignment.AddToCart -->
