<?xml version="1.0" encoding="UTF-8"?>
<!-- Generated by org.testng.reporters.JUnitReportReporter -->
<testsuite skipped="0" hostname="MSI" name="day1.UploadTest" tests="1" failures="0" timestamp="2021-04-30T17:17:52 IST" time="5.888" errors="0">
  <testcase name="f" time="5.888" classname="day1.UploadTest"/>
  <system-out/>
</testsuite> <!-- day1.UploadTest -->
