<?xml version="1.0" encoding="UTF-8"?>
<!-- Generated by org.testng.reporters.JUnitReportReporter -->
<testsuite skipped="0" hostname="MSI" name="day1.BrowserUtility" tests="1" failures="0" timestamp="2021-04-30T15:58:57 IST" time="0.008" errors="0">
  <testcase name="f" time="0.008" classname="day1.BrowserUtility"/>
  <system-out/>
</testsuite> <!-- day1.BrowserUtility -->
