<?xml version="1.0" encoding="UTF-8"?>
<!-- Generated by org.testng.reporters.JUnitReportReporter -->
<testsuite skipped="0" hostname="MSI" name="com.udemy.selenium.day1.AddCart" tests="1" failures="0" timestamp="2021-05-02T00:42:07 IST" time="7.219" errors="0">
  <testcase name="f" time="7.219" classname="com.udemy.selenium.day1.AddCart"/>
  <system-out/>
</testsuite> <!-- com.udemy.selenium.day1.AddCart -->
