<?xml version="1.0" encoding="UTF-8"?>
<!-- Generated by org.testng.reporters.JUnitReportReporter -->
<testsuite skipped="0" hostname="MSI" name="day3.TestWithPageFactory" tests="2" failures="0" timestamp="2021-05-06T13:19:24 IST" time="3.459" errors="0">
  <testcase name="tc01" time="2.793" classname="day3.TestWithPageFactory"/>
  <system-out/>
  <testcase name="tc02" time="0.666" classname="day3.TestWithPageFactory"/>
  <system-out/>
</testsuite> <!-- day3.TestWithPageFactory -->
